module/squidb/build/outputs/logs/manifest-merger-debug-report.txt
-- Merging decision tree log ---
manifest
ADDED from module\squidb\AndroidManifest.xml:8:1-13:12
INJECTED from module\squidb\AndroidManifest.xml:8:1-13:12
INJECTED from module\squidb\AndroidManifest.xml:8:1-13:12
INJECTED from module\squidb\AndroidManifest.xml:8:1-13:12
INJECTED from module\squidb\AndroidManifest.xml:8:1-13:12
INJECTED from module\squidb\AndroidManifest.xml:8:1-13:12
INJECTED from module\squidb\AndroidManifest.xml:8:1-13:12
	package
		ADDED from module\squidb\AndroidManifest.xml:9:5-31
		INJECTED from module\squidb\AndroidManifest.xml
		INJECTED from module\squidb\AndroidManifest.xml
	android:versionName
		ADDED from module\squidb\AndroidManifest.xml:11:5-30
		INJECTED from module\squidb\AndroidManifest.xml
		INJECTED from module\squidb\AndroidManifest.xml
	xmlns:android
		ADDED from module\squidb\AndroidManifest.xml:8:11-69
	android:versionCode
		ADDED from module\squidb\AndroidManifest.xml:10:5-28
		INJECTED from module\squidb\AndroidManifest.xml
		INJECTED from module\squidb\AndroidManifest.xml
uses-sdk
INJECTED from module\squidb\AndroidManifest.xml reason: use-sdk injection requested
INJECTED from module\squidb\AndroidManifest.xml
INJECTED from module\squidb\AndroidManifest.xml
	android:minSdkVersion
		INJECTED from module\squidb\AndroidManifest.xml
		ADDED from module\squidb\AndroidManifest.xml
		INJECTED from module\squidb\AndroidManifest.xml